<?xml version="1.0" encoding="UTF-8"?>
<!-- Generated by org.testng.reporters.JUnitReportReporter -->
<testsuite hostname="LAPTOP-IK8VGAHU" failures="0" tests="2" name="tests.RegisterTest" time="11.977" errors="0" timestamp="4 Mar 2023 05:38:44 GMT">
  <testcase classname="tests.RegisterTest" name="register" time="6.099"/>
  <testcase classname="tests.RegisterTest" name="register" time="5.878"/>
</testsuite> <!-- tests.RegisterTest -->
