<?xml version="1.0" encoding="UTF-8"?>
<!-- Generated by org.testng.reporters.JUnitReportReporter -->
<testsuite hostname="LAPTOP-IK8VGAHU" failures="0" tests="1" name="tests.LoginTest" time="13.243" errors="0" timestamp="25 Feb 2023 13:09:09 GMT">
  <testcase classname="tests.LoginTest" name="Login" time="13.243"/>
</testsuite> <!-- tests.LoginTest -->
