<?xml version="1.0" encoding="UTF-8"?>
<!-- Generated by org.testng.reporters.JUnitReportReporter -->
<testsuite hostname="LAPTOP-IK8VGAHU" failures="0" tests="1" name="tests.LoginTest" time="8.881" errors="0" timestamp="4 Mar 2023 05:25:24 GMT">
  <testcase classname="tests.LoginTest" name="Login" time="8.881"/>
</testsuite> <!-- tests.LoginTest -->
