<?xml version="1.0" encoding="UTF-8"?>
<!-- Generated by org.testng.reporters.JUnitReportReporter -->
<testsuite hostname="LAPTOP-IK8VGAHU" failures="0" tests="2" name="tests.RegisterTest" time="13.319" errors="0" timestamp="3 Mar 2023 10:33:14 GMT">
  <testcase classname="tests.RegisterTest" name="register" time="6.677"/>
  <testcase classname="tests.RegisterTest" name="register" time="6.642"/>
</testsuite> <!-- tests.RegisterTest -->
