<?xml version="1.0" encoding="UTF-8"?>
<!-- Generated by org.testng.reporters.JUnitReportReporter -->
<testsuite hostname="LAPTOP-IK8VGAHU" failures="0" tests="1" name="runner.Runner" time="12.255" errors="0" timestamp="4 Mar 2023 07:33:17 GMT">
  <testcase classname="runner.Runner" name="runScenario" time="12.255"/>
</testsuite> <!-- runner.Runner -->
