<?xml version="1.0" encoding="UTF-8"?>
<!-- Generated by org.testng.reporters.JUnitReportReporter -->
<testsuite hostname="LAPTOP-IK8VGAHU" failures="0" tests="2" name="tests.RegisterTest" time="29.478" errors="0" timestamp="25 Feb 2023 13:09:09 GMT">
  <testcase classname="tests.RegisterTest" name="register" time="18.938"/>
  <testcase classname="tests.RegisterTest" name="register" time="10.540"/>
</testsuite> <!-- tests.RegisterTest -->
