<?xml version="1.0" encoding="UTF-8"?>
<!-- Generated by org.testng.reporters.JUnitReportReporter -->
<testsuite hostname="LAPTOP-IK8VGAHU" failures="0" tests="1" name="runner.Runner" time="21.043" errors="0" timestamp="2023-03-13T17:22:51 IST" skipped="0">
  <testcase classname="runner.Runner" name="runScenario" time="21.043"/>
  <system-out/>
</testsuite> <!-- runner.Runner -->
