<?xml version="1.0" encoding="UTF-8"?>
<!-- Generated by org.testng.reporters.JUnitReportReporter -->
<testsuite hostname="LAPTOP-IK8VGAHU" failures="0" tests="1" name="tests.LoginTest" time="6.285" errors="0" timestamp="2023-02-23T14:14:06 IST" skipped="0">
  <testcase classname="tests.LoginTest" name="Login" time="6.285"/>
  <system-out/>
</testsuite> <!-- tests.LoginTest -->
