<?xml version="1.0" encoding="UTF-8"?>
<!-- Generated by org.testng.reporters.JUnitReportReporter -->
<testsuite hostname="LAPTOP-IK8VGAHU" failures="0" tests="2" name="tests.RegisterTest" time="20.570" errors="0" timestamp="3 Mar 2023 06:30:54 GMT">
  <testcase classname="tests.RegisterTest" name="register" time="10.303"/>
  <testcase classname="tests.RegisterTest" name="register" time="10.267"/>
</testsuite> <!-- tests.RegisterTest -->
