<?xml version="1.0" encoding="UTF-8"?>
<!-- Generated by org.testng.reporters.JUnitReportReporter -->
<testsuite hostname="LAPTOP-IK8VGAHU" failures="0" tests="1" name="tests.LoginTest" time="20.287" errors="0" timestamp="25 Feb 2023 13:25:53 GMT">
  <testcase classname="tests.LoginTest" name="Login" time="20.287"/>
</testsuite> <!-- tests.LoginTest -->
