<?xml version="1.0" encoding="UTF-8"?>
<!-- Generated by org.testng.reporters.JUnitReportReporter -->
<testsuite hostname="LAPTOP-IK8VGAHU" failures="0" tests="1" name="tests.LoginTest" time="9.678" errors="0" timestamp="2023-02-23T16:23:28 IST" skipped="0">
  <testcase classname="tests.LoginTest" name="Login" time="9.678"/>
  <system-out/>
</testsuite> <!-- tests.LoginTest -->
