<?xml version="1.0" encoding="UTF-8"?>
<!-- Generated by org.testng.reporters.JUnitReportReporter -->
<testsuite hostname="LAPTOP-IK8VGAHU" failures="0" tests="2" name="tests.RegisterTest" time="28.693" errors="0" timestamp="25 Feb 2023 13:25:53 GMT">
  <testcase classname="tests.RegisterTest" name="register" time="16.115"/>
  <testcase classname="tests.RegisterTest" name="register" time="12.578"/>
</testsuite> <!-- tests.RegisterTest -->
