<?xml version="1.0" encoding="UTF-8"?>
<!-- Generated by org.testng.reporters.JUnitReportReporter -->
<testsuite hostname="LAPTOP-IK8VGAHU" failures="0" tests="2" name="tests.RegisterTest" time="12.301" errors="0" timestamp="4 Mar 2023 05:25:24 GMT">
  <testcase classname="tests.RegisterTest" name="register" time="6.192"/>
  <testcase classname="tests.RegisterTest" name="register" time="6.109"/>
</testsuite> <!-- tests.RegisterTest -->
