<?xml version="1.0" encoding="UTF-8"?>
<!-- Generated by org.testng.reporters.JUnitReportReporter -->
<testsuite hostname="LAPTOP-IK8VGAHU" failures="0" tests="1" name="tests.LoginTest" time="15.597" errors="0" timestamp="2023-02-24T23:35:48 IST" skipped="0">
  <testcase classname="tests.LoginTest" name="Login" time="15.597"/>
  <system-out/>
</testsuite> <!-- tests.LoginTest -->
