<?xml version="1.0" encoding="UTF-8"?>
<!-- Generated by org.testng.reporters.JUnitReportReporter -->
<testsuite hostname="LAPTOP-IK8VGAHU" failures="0" tests="1" name="tests.LoginTest" time="13.776" errors="0" timestamp="24 Feb 2023 19:37:02 GMT">
  <testcase classname="tests.LoginTest" name="Login" time="13.776"/>
</testsuite> <!-- tests.LoginTest -->
