<?xml version="1.0" encoding="UTF-8"?>
<!-- Generated by org.testng.reporters.JUnitReportReporter -->
<testsuite hostname="LAPTOP-IK8VGAHU" failures="0" tests="1" name="tests.LoginTest" time="12.876" errors="0" timestamp="3 Mar 2023 06:30:54 GMT">
  <testcase classname="tests.LoginTest" name="Login" time="12.876"/>
</testsuite> <!-- tests.LoginTest -->
