<?xml version="1.0" encoding="UTF-8"?>
<!-- Generated by org.testng.reporters.JUnitReportReporter -->
<testsuite hostname="LAPTOP-IK8VGAHU" failures="0" tests="1" name="tests.LoginTest" time="10.705" errors="0" timestamp="3 Mar 2023 10:33:14 GMT">
  <testcase classname="tests.LoginTest" name="Login" time="10.705"/>
</testsuite> <!-- tests.LoginTest -->
