<?xml version="1.0" encoding="UTF-8"?>
<!-- Generated by org.testng.reporters.JUnitReportReporter -->
<testsuite hostname="LAPTOP-IK8VGAHU" name="runner.Runner" tests="1" failures="0" timestamp="4 Mar 2023 07:40:37 GMT" time="12.479" errors="0">
  <testcase name="runScenario" time="12.479" classname="runner.Runner"/>
</testsuite> <!-- runner.Runner -->
