<?xml version="1.0" encoding="UTF-8"?>
<!-- Generated by org.testng.reporters.JUnitReportReporter -->
<testsuite hostname="LAPTOP-IK8VGAHU" name="tests.LoginTest" tests="1" failures="0" timestamp="24 Feb 2023 18:45:26 GMT" time="10.504" errors="0">
  <testcase name="Login" time="10.504" classname="tests.LoginTest"/>
</testsuite> <!-- tests.LoginTest -->
